<?xml version="1.0" encoding="UTF-8"?>
<testsuite name="com.example.rqchallenge.RqChallengeApplicationTests" tests="1" skipped="0" failures="0" errors="0" timestamp="2024-10-20T22:39:13" hostname="MARKUS" time="0.549">
  <properties/>
  <testcase name="testGetEmployeeByIdDoesntExist()" classname="com.example.rqchallenge.RqChallengeApplicationTests" time="0.549"/>
  <system-out><![CDATA[16:39:10.873 [Test worker] DEBUG org.springframework.test.context.BootstrapUtils - Instantiating CacheAwareContextLoaderDelegate from class [org.springframework.test.context.cache.DefaultCacheAwareContextLoaderDelegate]
16:39:10.889 [Test worker] DEBUG org.springframework.test.context.BootstrapUtils - Instantiating BootstrapContext using constructor [public org.springframework.test.context.support.DefaultBootstrapContext(java.lang.Class,org.springframework.test.context.CacheAwareContextLoaderDelegate)]
16:39:10.920 [Test worker] DEBUG org.springframework.test.context.BootstrapUtils - Instantiating TestContextBootstrapper for test class [com.example.rqchallenge.RqChallengeApplicationTests] from class [org.springframework.boot.test.context.SpringBootTestContextBootstrapper]
16:39:10.936 [Test worker] INFO org.springframework.boot.test.context.SpringBootTestContextBootstrapper - Neither @ContextConfiguration nor @ContextHierarchy found for test class [com.example.rqchallenge.RqChallengeApplicationTests], using SpringBootContextLoader
16:39:10.936 [Test worker] DEBUG org.springframework.test.context.support.AbstractContextLoader - Did not detect default resource location for test class [com.example.rqchallenge.RqChallengeApplicationTests]: class path resource [com/example/rqchallenge/RqChallengeApplicationTests-context.xml] does not exist
16:39:10.951 [Test worker] DEBUG org.springframework.test.context.support.AbstractContextLoader - Did not detect default resource location for test class [com.example.rqchallenge.RqChallengeApplicationTests]: class path resource [com/example/rqchallenge/RqChallengeApplicationTestsContext.groovy] does not exist
16:39:10.951 [Test worker] INFO org.springframework.test.context.support.AbstractContextLoader - Could not detect default resource locations for test class [com.example.rqchallenge.RqChallengeApplicationTests]: no resource found for suffixes {-context.xml, Context.groovy}.
16:39:10.951 [Test worker] INFO org.springframework.test.context.support.AnnotationConfigContextLoaderUtils - Could not detect default configuration classes for test class [com.example.rqchallenge.RqChallengeApplicationTests]: RqChallengeApplicationTests does not declare any static, non-private, non-final, nested classes annotated with @Configuration.
16:39:10.998 [Test worker] DEBUG org.springframework.test.context.support.ActiveProfilesUtils - Could not find an 'annotation declaring class' for annotation type [org.springframework.test.context.ActiveProfiles] and class [com.example.rqchallenge.RqChallengeApplicationTests]
16:39:11.045 [Test worker] DEBUG org.springframework.context.annotation.ClassPathScanningCandidateComponentProvider - Identified candidate component class: file [C:\Users\Marky\Documents\jobs stuff\job application github\java-employee-challenge\build\classes\java\main\com\example\rqchallenge\RqChallengeApplication.class]
16:39:11.045 [Test worker] INFO org.springframework.boot.test.context.SpringBootTestContextBootstrapper - Found @SpringBootConfiguration com.example.rqchallenge.RqChallengeApplication for test class com.example.rqchallenge.RqChallengeApplicationTests
16:39:11.155 [Test worker] DEBUG org.springframework.boot.test.context.SpringBootTestContextBootstrapper - @TestExecutionListeners is not present for class [com.example.rqchallenge.RqChallengeApplicationTests]: using defaults.
16:39:11.155 [Test worker] INFO org.springframework.boot.test.context.SpringBootTestContextBootstrapper - Loaded default TestExecutionListener class names from location [META-INF/spring.factories]: [org.springframework.boot.test.autoconfigure.restdocs.RestDocsTestExecutionListener, org.springframework.boot.test.autoconfigure.web.client.MockRestServiceServerResetTestExecutionListener, org.springframework.boot.test.autoconfigure.web.servlet.MockMvcPrintOnlyOnFailureTestExecutionListener, org.springframework.boot.test.autoconfigure.web.servlet.WebDriverTestExecutionListener, org.springframework.boot.test.autoconfigure.webservices.client.MockWebServiceServerTestExecutionListener, org.springframework.boot.test.mock.mockito.MockitoTestExecutionListener, org.springframework.boot.test.mock.mockito.ResetMocksTestExecutionListener, org.springframework.test.context.web.ServletTestExecutionListener, org.springframework.test.context.support.DirtiesContextBeforeModesTestExecutionListener, org.springframework.test.context.event.ApplicationEventsTestExecutionListener, org.springframework.test.context.support.DependencyInjectionTestExecutionListener, org.springframework.test.context.support.DirtiesContextTestExecutionListener, org.springframework.test.context.transaction.TransactionalTestExecutionListener, org.springframework.test.context.jdbc.SqlScriptsTestExecutionListener, org.springframework.test.context.event.EventPublishingTestExecutionListener]
16:39:11.170 [Test worker] DEBUG org.springframework.boot.test.context.SpringBootTestContextBootstrapper - Skipping candidate TestExecutionListener [org.springframework.test.context.transaction.TransactionalTestExecutionListener] due to a missing dependency. Specify custom listener classes or make the default listener classes and their required dependencies available. Offending class: [org/springframework/transaction/interceptor/TransactionAttributeSource]
16:39:11.170 [Test worker] DEBUG org.springframework.boot.test.context.SpringBootTestContextBootstrapper - Skipping candidate TestExecutionListener [org.springframework.test.context.jdbc.SqlScriptsTestExecutionListener] due to a missing dependency. Specify custom listener classes or make the default listener classes and their required dependencies available. Offending class: [org/springframework/transaction/interceptor/TransactionAttribute]
16:39:11.170 [Test worker] INFO org.springframework.boot.test.context.SpringBootTestContextBootstrapper - Using TestExecutionListeners: [org.springframework.test.context.web.ServletTestExecutionListener@2b27cc70, org.springframework.test.context.support.DirtiesContextBeforeModesTestExecutionListener@6f6a7463, org.springframework.test.context.event.ApplicationEventsTestExecutionListener@1bdaa23d, org.springframework.boot.test.mock.mockito.MockitoTestExecutionListener@79f227a9, org.springframework.boot.test.autoconfigure.SpringBootDependencyInjectionTestExecutionListener@6ca320ab, org.springframework.test.context.support.DirtiesContextTestExecutionListener@50d68830, org.springframework.test.context.event.EventPublishingTestExecutionListener@1e53135d, org.springframework.boot.test.autoconfigure.restdocs.RestDocsTestExecutionListener@7674a051, org.springframework.boot.test.autoconfigure.web.client.MockRestServiceServerResetTestExecutionListener@3a7704c, org.springframework.boot.test.autoconfigure.web.servlet.MockMvcPrintOnlyOnFailureTestExecutionListener@6754ef00, org.springframework.boot.test.autoconfigure.web.servlet.WebDriverTestExecutionListener@619bd14c, org.springframework.boot.test.autoconfigure.webservices.client.MockWebServiceServerTestExecutionListener@323e8306, org.springframework.boot.test.mock.mockito.ResetMocksTestExecutionListener@a23a01d]
16:39:11.170 [Test worker] DEBUG org.springframework.test.context.support.AbstractDirtiesContextTestExecutionListener - Before test class: context [DefaultTestContext@53bc1328 testClass = RqChallengeApplicationTests, testInstance = [null], testMethod = [null], testException = [null], mergedContextConfiguration = [WebMergedContextConfiguration@26f143ed testClass = RqChallengeApplicationTests, locations = '{}', classes = '{class com.example.rqchallenge.RqChallengeApplication}', contextInitializerClasses = '[]', activeProfiles = '{}', propertySourceLocations = '{}', propertySourceProperties = '{org.springframework.boot.test.context.SpringBootTestContextBootstrapper=true}', contextCustomizers = set[org.springframework.boot.test.autoconfigure.actuate.metrics.MetricsExportContextCustomizerFactory$DisableMetricExportContextCustomizer@1080b026, org.springframework.boot.test.autoconfigure.properties.PropertyMappingContextCustomizer@4b3fa0b3, org.springframework.boot.test.autoconfigure.web.servlet.WebDriverContextCustomizerFactory$Customizer@66ce957f, [ImportsContextCustomizer@3c1e3314 key = [org.springframework.boot.test.autoconfigure.web.servlet.MockMvcAutoConfiguration, org.springframework.boot.test.autoconfigure.web.servlet.MockMvcWebClientAutoConfiguration, org.springframework.boot.test.autoconfigure.web.servlet.MockMvcWebDriverAutoConfiguration, org.springframework.boot.autoconfigure.security.oauth2.client.servlet.OAuth2ClientAutoConfiguration, org.springframework.boot.autoconfigure.security.oauth2.resource.servlet.OAuth2ResourceServerAutoConfiguration, org.springframework.boot.autoconfigure.security.servlet.SecurityAutoConfiguration, org.springframework.boot.autoconfigure.security.servlet.SecurityFilterAutoConfiguration, org.springframework.boot.autoconfigure.security.servlet.UserDetailsServiceAutoConfiguration, org.springframework.boot.test.autoconfigure.web.servlet.MockMvcSecurityConfiguration, org.springframework.boot.test.autoconfigure.web.reactive.WebTestClientAutoConfiguration]], org.springframework.boot.test.context.filter.ExcludeFilterContextCustomizer@4264b240, org.springframework.boot.test.json.DuplicateJsonObjectContextCustomizerFactory$DuplicateJsonObjectContextCustomizer@6bb75258, org.springframework.boot.test.mock.mockito.MockitoContextCustomizer@0, org.springframework.boot.test.web.client.TestRestTemplateContextCustomizer@339bf286, org.springframework.boot.test.context.SpringBootTestArgs@1, org.springframework.boot.test.context.SpringBootTestWebEnvironment@3576ddc2], resourceBasePath = 'src/main/webapp', contextLoader = 'org.springframework.boot.test.context.SpringBootContextLoader', parent = [null]], attributes = map['org.springframework.test.context.web.ServletTestExecutionListener.activateListener' -> true]], class annotated with @DirtiesContext [false] with mode [null].
16:39:11.217 [Test worker] DEBUG org.springframework.boot.ApplicationServletEnvironment - Activating profiles []
16:39:11.233 [Test worker] DEBUG org.springframework.test.context.support.TestPropertySourceUtils - Adding inlined properties to environment: {spring.jmx.enabled=false, org.springframework.boot.test.context.SpringBootTestContextBootstrapper=true}

  .   ____          _            __ _ _
 /\\ / ___'_ __ _ _(_)_ __  __ _ \ \ \ \
( ( )\___ | '_ | '_| | '_ \/ _` | \ \ \ \
 \\/  ___)| |_)| | | | | || (_| |  ) ) ) )
  '  |____| .__|_| |_|_| |_\__, | / / / /
 =========|_|==============|___/=/_/_/_/
 :: Spring Boot ::                (v2.6.1)

2024-10-20 16:39:11.514  INFO 20132 --- [    Test worker] c.e.r.RqChallengeApplicationTests        : Starting RqChallengeApplicationTests using Java 11.0.22 on Markus with PID 20132 (started by Marky in C:\Users\Marky\Documents\jobs stuff\job application github\java-employee-challenge)
2024-10-20 16:39:11.514  INFO 20132 --- [    Test worker] c.e.r.RqChallengeApplicationTests        : No active profile set, falling back to default profiles: default
2024-10-20 16:39:12.998  INFO 20132 --- [    Test worker] o.s.b.t.m.w.SpringBootMockServletContext : Initializing Spring TestDispatcherServlet ''
2024-10-20 16:39:12.998  INFO 20132 --- [    Test worker] o.s.t.web.servlet.TestDispatcherServlet  : Initializing Servlet ''
2024-10-20 16:39:12.998  INFO 20132 --- [    Test worker] o.s.t.web.servlet.TestDispatcherServlet  : Completed initialization in 0 ms
2024-10-20 16:39:13.014  INFO 20132 --- [    Test worker] c.e.r.RqChallengeApplicationTests        : Started RqChallengeApplicationTests in 1.784 seconds (JVM running for 3.093)
]]></system-out>
  <system-err><![CDATA[]]></system-err>
</testsuite>
